[round_robin_jitter] budget 80
  [round_robin_jitter] # 1 rate-limiter-window          fail 3->3 solved=0
  [round_robin_jitter] # 2 pagination-last-page         fail 4->0 solved=1
  [round_robin_jitter] # 3 lru-cache-eviction           fail 3->0 solved=2
  [round_robin_jitter] # 4 text-wrap-long-word          fail 3->2 solved=2
  [round_robin_jitter] # 5 interval-merge-touching      fail 3->0 solved=3
  [round_robin_jitter] # 6 bank-ledger-overdraft        fail 3->0 solved=4
  [round_robin_jitter] # 7 tokenizer-quoted-strings     fail 4->0 solved=5
  [round_robin_jitter] # 8 graph-bfs-distance           fail 3->0 solved=6
  [round_robin_jitter] # 9 priority-queue-stability     fail 3->0 solved=7
  [round_robin_jitter] #10 roman-numerals-subtractive   fail 4->0 solved=8
  [round_robin_jitter] #11 date-add-days-leap           fail 4->0 solved=9
  [round_robin_jitter] #12 stats-variance-bias          fail 3->5 solved=9
  [round_robin_jitter] #13 rpn-operand-order            fail 4->2 solved=9
  [round_robin_jitter] #14 cart-coupon-stacking         fail 3->0 solved=10
  [round_robin_jitter] #15 matrix-multiply-index        fail 3->0 solved=11
  [round_robin_jitter] #16 histogram-bin-edge           fail 3->3 solved=11
  [round_robin_jitter] #17 query-string-repeats         fail 3->0 solved=12
  [round_robin_jitter] #18 scheduler-containment        fail 3->0 solved=13
  [round_robin_jitter] #19 runlength-segments           fail 4->0 solved=14
  [round_robin_jitter] #20 thermostat-hysteresis        fail 3->3 solved=14
  [round_robin_jitter] #21 rate-limiter-window          fail 3->3 solved=14
  [round_robin_jitter] #22 text-wrap-long-word          fail 2->2 solved=14
  [round_robin_jitter] #23 stats-variance-bias          fail 5->5 solved=14
  [round_robin_jitter] #24 rpn-operand-order            fail 2->0 solved=15
  [round_robin_jitter] #25 histogram-bin-edge           fail 3->3 solved=15
  [round_robin_jitter] #26 thermostat-hysteresis        fail 3->3 solved=15
  [round_robin_jitter] #27 rate-limiter-window          fail 3->3 solved=15
  [round_robin_jitter] #28 text-wrap-long-word          fail 2->2 solved=15
  [round_robin_jitter] #29 stats-variance-bias          fail 5->5 solved=15
  [round_robin_jitter] #30 histogram-bin-edge           fail 3->3 solved=15
  [round_robin_jitter] #31 thermostat-hysteresis        fail 3->3 solved=15
  [round_robin_jitter] #32 rate-limiter-window          fail 3->3 solved=15
  [round_robin_jitter] #33 text-wrap-long-word          fail 2->2 solved=15
  [round_robin_jitter] #34 stats-variance-bias          fail 5->5 solved=15
  [round_robin_jitter] #35 histogram-bin-edge           fail 3->3 solved=15
  [round_robin_jitter] #36 thermostat-hysteresis        fail 3->3 solved=15
  [round_robin_jitter] #37 rate-limiter-window          fail 3->3 solved=15
  [round_robin_jitter] #38 text-wrap-long-word          fail 2->2 solved=15
  [round_robin_jitter] #39 stats-variance-bias          fail 5->5 solved=15
  [round_robin_jitter] #40 histogram-bin-edge           fail 3->3 solved=15
  [round_robin_jitter] #41 thermostat-hysteresis        fail 3->3 solved=15
  [round_robin_jitter] #42 rate-limiter-window          fail 3->3 solved=15
  [round_robin_jitter] #43 text-wrap-long-word          fail 2->2 solved=15
  [round_robin_jitter] #44 stats-variance-bias          fail 5->5 solved=15
  [round_robin_jitter] #45 histogram-bin-edge           fail 3->3 solved=15
  [round_robin_jitter] #46 thermostat-hysteresis        fail 3->3 solved=15
  [round_robin_jitter] #47 rate-limiter-window          fail 3->3 solved=15
  [round_robin_jitter] #48 text-wrap-long-word          fail 2->2 solved=15
  [round_robin_jitter] #49 stats-variance-bias          fail 5->5 solved=15
  [round_robin_jitter] #50 histogram-bin-edge           fail 3->3 solved=15
  [round_robin_jitter] #51 thermostat-hysteresis        fail 3->3 solved=15
  [round_robin_jitter] #52 rate-limiter-window          fail 3->3 solved=15
  [round_robin_jitter] #53 text-wrap-long-word          fail 2->2 solved=15
  [round_robin_jitter] #54 stats-variance-bias          fail 5->5 solved=15
  [round_robin_jitter] #55 histogram-bin-edge           fail 3->3 solved=15
  [round_robin_jitter] #56 thermostat-hysteresis        fail 3->3 solved=15
  [round_robin_jitter] #57 rate-limiter-window          fail 3->3 solved=15
  [round_robin_jitter] #58 text-wrap-long-word          fail 2->2 solved=15
  [round_robin_jitter] #59 stats-variance-bias          fail 5->5 solved=15
  [round_robin_jitter] #60 histogram-bin-edge           fail 3->3 solved=15
  [round_robin_jitter] #61 thermostat-hysteresis        fail 3->3 solved=15
  [round_robin_jitter] #62 rate-limiter-window          fail 3->3 solved=15
  [round_robin_jitter] #63 text-wrap-long-word          fail 2->2 solved=15
  [round_robin_jitter] #64 stats-variance-bias          fail 5->5 solved=15
  [round_robin_jitter] #65 histogram-bin-edge           fail 3->3 solved=15
  [round_robin_jitter] #66 thermostat-hysteresis        fail 3->3 solved=15
  [round_robin_jitter] #67 rate-limiter-window          fail 3->3 solved=15
  [round_robin_jitter] #68 text-wrap-long-word          fail 2->2 solved=15
  [round_robin_jitter] #69 stats-variance-bias          fail 5->5 solved=15
  [round_robin_jitter] #70 histogram-bin-edge           fail 3->3 solved=15
  [round_robin_jitter] #71 thermostat-hysteresis        fail 3->3 solved=15
  [round_robin_jitter] #72 rate-limiter-window          fail 3->3 solved=15
  [round_robin_jitter] #73 text-wrap-long-word          fail 2->2 solved=15
  [round_robin_jitter] #74 stats-variance-bias          fail 5->5 solved=15
  [round_robin_jitter] #75 histogram-bin-edge           fail 3->3 solved=15
  [round_robin_jitter] #76 thermostat-hysteresis        fail 3->3 solved=15
  [round_robin_jitter] #77 rate-limiter-window          fail 3->3 solved=15
  [round_robin_jitter] #78 text-wrap-long-word          fail 2->2 solved=15
  [round_robin_jitter] #79 stats-variance-bias          fail 5->5 solved=15
  [round_robin_jitter] #80 histogram-bin-edge           fail 3->3 solved=15
[saved] /Users/jim/Desktop/openworld/experiments/results/e34_composite_swe.json
[greedy_jitter] budget 80
  [greedy_jitter] # 1 rate-limiter-window          fail 3->3 solved=0
  [greedy_jitter] # 2 lru-cache-eviction           fail 3->0 solved=1
  [greedy_jitter] # 3 text-wrap-long-word          fail 3->2 solved=1
  [greedy_jitter] # 4 text-wrap-long-word          fail 2->2 solved=1
  [greedy_jitter] # 5 text-wrap-long-word          fail 2->2 solved=1
  [greedy_jitter] # 6 text-wrap-long-word          fail 2->2 solved=1
  [greedy_jitter] # 7 text-wrap-long-word          fail 2->2 solved=1
  [greedy_jitter] # 8 text-wrap-long-word          fail 2->2 solved=1
  [greedy_jitter] # 9 text-wrap-long-word          fail 2->2 solved=1
  [greedy_jitter] #10 text-wrap-long-word          fail 2->2 solved=1
  [greedy_jitter] #11 text-wrap-long-word          fail 2->2 solved=1
  [greedy_jitter] #12 text-wrap-long-word          fail 2->2 solved=1
  [greedy_jitter] #13 text-wrap-long-word          fail 2->2 solved=1
  [greedy_jitter] #14 text-wrap-long-word          fail 2->2 solved=1
  [greedy_jitter] #15 text-wrap-long-word          fail 2->2 solved=1
  [greedy_jitter] #16 text-wrap-long-word          fail 2->2 solved=1
  [greedy_jitter] #17 text-wrap-long-word          fail 2->2 solved=1
  [greedy_jitter] #18 text-wrap-long-word          fail 2->2 solved=1
  [greedy_jitter] #19 text-wrap-long-word          fail 2->2 solved=1
  [greedy_jitter] #20 text-wrap-long-word          fail 2->2 solved=1
  [greedy_jitter] #21 text-wrap-long-word          fail 2->2 solved=1
  [greedy_jitter] #22 text-wrap-long-word          fail 2->2 solved=1
  [greedy_jitter] #23 text-wrap-long-word          fail 2->2 solved=1
  [greedy_jitter] #24 text-wrap-long-word          fail 2->2 solved=1
  [greedy_jitter] #25 text-wrap-long-word          fail 2->2 solved=1
  [greedy_jitter] #26 text-wrap-long-word          fail 2->2 solved=1
  [greedy_jitter] #27 text-wrap-long-word          fail 2->2 solved=1
  [greedy_jitter] #28 text-wrap-long-word          fail 2->2 solved=1
  [greedy_jitter] #29 text-wrap-long-word          fail 2->2 solved=1
  [greedy_jitter] #30 text-wrap-long-word          fail 2->2 solved=1
  [greedy_jitter] #31 text-wrap-long-word          fail 2->2 solved=1
  [greedy_jitter] #32 text-wrap-long-word          fail 2->2 solved=1
  [greedy_jitter] #33 text-wrap-long-word          fail 2->2 solved=1
  [greedy_jitter] #34 text-wrap-long-word          fail 2->2 solved=1
  [greedy_jitter] #35 text-wrap-long-word          fail 2->2 solved=1
  [greedy_jitter] #36 text-wrap-long-word          fail 2->2 solved=1
  [greedy_jitter] #37 text-wrap-long-word          fail 2->2 solved=1
  [greedy_jitter] #38 text-wrap-long-word          fail 2->2 solved=1
  [greedy_jitter] #39 text-wrap-long-word          fail 2->2 solved=1
  [greedy_jitter] #40 text-wrap-long-word          fail 2->2 solved=1
  [greedy_jitter] #41 text-wrap-long-word          fail 2->2 solved=1
  [greedy_jitter] #42 text-wrap-long-word          fail 2->2 solved=1
  [greedy_jitter] #43 text-wrap-long-word          fail 2->2 solved=1
  [greedy_jitter] #44 text-wrap-long-word          fail 2->2 solved=1
  [greedy_jitter] #45 text-wrap-long-word          fail 2->2 solved=1
  [greedy_jitter] #46 text-wrap-long-word          fail 2->2 solved=1
  [greedy_jitter] #47 text-wrap-long-word          fail 2->2 solved=1
  [greedy_jitter] #48 text-wrap-long-word          fail 2->2 solved=1
  [greedy_jitter] #49 text-wrap-long-word          fail 2->2 solved=1
  [greedy_jitter] #50 text-wrap-long-word          fail 2->2 solved=1
  [greedy_jitter] #51 text-wrap-long-word          fail 2->2 solved=1
  [greedy_jitter] #52 text-wrap-long-word          fail 2->2 solved=1
  [greedy_jitter] #53 text-wrap-long-word          fail 2->2 solved=1
  [greedy_jitter] #54 text-wrap-long-word          fail 2->2 solved=1
  [greedy_jitter] #55 text-wrap-long-word          fail 2->2 solved=1
  [greedy_jitter] #56 text-wrap-long-word          fail 2->2 solved=1
  [greedy_jitter] #57 text-wrap-long-word          fail 2->2 solved=1
  [greedy_jitter] #58 text-wrap-long-word          fail 2->2 solved=1
  [greedy_jitter] #59 text-wrap-long-word          fail 2->2 solved=1
  [greedy_jitter] #60 text-wrap-long-word          fail 2->2 solved=1
  [greedy_jitter] #61 text-wrap-long-word          fail 2->2 solved=1
  [greedy_jitter] #62 text-wrap-long-word          fail 2->2 solved=1
  [greedy_jitter] #63 text-wrap-long-word          fail 2->2 solved=1
  [greedy_jitter] #64 text-wrap-long-word          fail 2->2 solved=1
  [greedy_jitter] #65 text-wrap-long-word          fail 2->2 solved=1
  [greedy_jitter] #66 text-wrap-long-word          fail 2->2 solved=1
  [greedy_jitter] #67 text-wrap-long-word          fail 2->2 solved=1
  [greedy_jitter] #68 text-wrap-long-word          fail 2->2 solved=1
  [greedy_jitter] #69 text-wrap-long-word          fail 2->2 solved=1
  [greedy_jitter] #70 text-wrap-long-word          fail 2->2 solved=1
  [greedy_jitter] #71 text-wrap-long-word          fail 2->2 solved=1
  [greedy_jitter] #72 text-wrap-long-word          fail 2->2 solved=1
  [greedy_jitter] #73 text-wrap-long-word          fail 2->2 solved=1
  [greedy_jitter] #74 text-wrap-long-word          fail 2->2 solved=1
  [greedy_jitter] #75 text-wrap-long-word          fail 2->2 solved=1
  [greedy_jitter] #76 text-wrap-long-word          fail 2->2 solved=1
  [greedy_jitter] #77 text-wrap-long-word          fail 2->2 solved=1
  [greedy_jitter] #78 text-wrap-long-word          fail 2->2 solved=1
  [greedy_jitter] #79 text-wrap-long-word          fail 2->2 solved=1
  [greedy_jitter] #80 text-wrap-long-word          fail 2->2 solved=1
[saved] /Users/jim/Desktop/openworld/experiments/results/e34_composite_swe.json

condition    solved  attempts  switches
fixed        15/20    36        19
round_robin  15/20    80        79
greedy        1/20    80         2
round_robin_jitter 15/20    80        79
greedy_jitter  1/20    80         2
