[fixed] budget 80
  [fixed] # 1 rate-limiter-window          fail 3->3 solved=0
  [fixed] # 2 rate-limiter-window          fail 3->3 solved=0
  [fixed] # 3 rate-limiter-window          fail 3->3 solved=0
  [fixed] # 4 rate-limiter-window          fail 3->3 solved=0
  [fixed] # 5 pagination-last-page         fail 4->0 solved=1
  [fixed] # 6 lru-cache-eviction           fail 3->0 solved=2
  [fixed] # 7 text-wrap-long-word          fail 3->2 solved=2
  [fixed] # 8 text-wrap-long-word          fail 2->2 solved=2
  [fixed] # 9 text-wrap-long-word          fail 2->2 solved=2
  [fixed] #10 text-wrap-long-word          fail 2->2 solved=2
  [fixed] #11 interval-merge-touching      fail 3->0 solved=3
  [fixed] #12 bank-ledger-overdraft        fail 3->0 solved=4
  [fixed] #13 tokenizer-quoted-strings     fail 4->0 solved=5
  [fixed] #14 graph-bfs-distance           fail 3->0 solved=6
  [fixed] #15 priority-queue-stability     fail 3->0 solved=7
  [fixed] #16 roman-numerals-subtractive   fail 4->0 solved=8
  [fixed] #17 date-add-days-leap           fail 4->0 solved=9
  [fixed] #18 stats-variance-bias          fail 3->5 solved=9
  [fixed] #19 stats-variance-bias          fail 5->5 solved=9
  [fixed] #20 stats-variance-bias          fail 5->5 solved=9
  [fixed] #21 stats-variance-bias          fail 5->5 solved=9
  [fixed] #22 rpn-operand-order            fail 4->2 solved=9
  [fixed] #23 rpn-operand-order            fail 2->0 solved=10
  [fixed] #24 cart-coupon-stacking         fail 3->0 solved=11
  [fixed] #25 matrix-multiply-index        fail 3->0 solved=12
  [fixed] #26 histogram-bin-edge           fail 3->3 solved=12
  [fixed] #27 histogram-bin-edge           fail 3->3 solved=12
  [fixed] #28 histogram-bin-edge           fail 3->3 solved=12
  [fixed] #29 histogram-bin-edge           fail 3->3 solved=12
  [fixed] #30 query-string-repeats         fail 3->0 solved=13
  [fixed] #31 scheduler-containment        fail 3->0 solved=14
  [fixed] #32 runlength-segments           fail 4->0 solved=15
  [fixed] #33 thermostat-hysteresis        fail 3->3 solved=15
  [fixed] #34 thermostat-hysteresis        fail 3->3 solved=15
  [fixed] #35 thermostat-hysteresis        fail 3->3 solved=15
  [fixed] #36 thermostat-hysteresis        fail 3->3 solved=15
[saved] /Users/jim/Desktop/openworld/experiments/results/e34_composite_swe.json
[round_robin] budget 80
  [round_robin] # 1 rate-limiter-window          fail 3->3 solved=0
  [round_robin] # 2 pagination-last-page         fail 4->0 solved=1
  [round_robin] # 3 lru-cache-eviction           fail 3->0 solved=2
  [round_robin] # 4 text-wrap-long-word          fail 3->2 solved=2
  [round_robin] # 5 interval-merge-touching      fail 3->0 solved=3
  [round_robin] # 6 bank-ledger-overdraft        fail 3->0 solved=4
  [round_robin] # 7 tokenizer-quoted-strings     fail 4->0 solved=5
  [round_robin] # 8 graph-bfs-distance           fail 3->0 solved=6
  [round_robin] # 9 priority-queue-stability     fail 3->0 solved=7
  [round_robin] #10 roman-numerals-subtractive   fail 4->0 solved=8
  [round_robin] #11 date-add-days-leap           fail 4->0 solved=9
  [round_robin] #12 stats-variance-bias          fail 3->5 solved=9
  [round_robin] #13 rpn-operand-order            fail 4->2 solved=9
  [round_robin] #14 cart-coupon-stacking         fail 3->0 solved=10
  [round_robin] #15 matrix-multiply-index        fail 3->0 solved=11
  [round_robin] #16 histogram-bin-edge           fail 3->3 solved=11
  [round_robin] #17 query-string-repeats         fail 3->0 solved=12
  [round_robin] #18 scheduler-containment        fail 3->0 solved=13
  [round_robin] #19 runlength-segments           fail 4->0 solved=14
  [round_robin] #20 thermostat-hysteresis        fail 3->3 solved=14
  [round_robin] #21 rate-limiter-window          fail 3->3 solved=14
  [round_robin] #22 text-wrap-long-word          fail 2->2 solved=14
  [round_robin] #23 stats-variance-bias          fail 5->5 solved=14
  [round_robin] #24 rpn-operand-order            fail 2->0 solved=15
  [round_robin] #25 histogram-bin-edge           fail 3->3 solved=15
  [round_robin] #26 thermostat-hysteresis        fail 3->3 solved=15
  [round_robin] #27 rate-limiter-window          fail 3->3 solved=15
  [round_robin] #28 text-wrap-long-word          fail 2->2 solved=15
  [round_robin] #29 stats-variance-bias          fail 5->5 solved=15
  [round_robin] #30 histogram-bin-edge           fail 3->3 solved=15
  [round_robin] #31 thermostat-hysteresis        fail 3->3 solved=15
  [round_robin] #32 rate-limiter-window          fail 3->3 solved=15
  [round_robin] #33 text-wrap-long-word          fail 2->2 solved=15
  [round_robin] #34 stats-variance-bias          fail 5->5 solved=15
  [round_robin] #35 histogram-bin-edge           fail 3->3 solved=15
  [round_robin] #36 thermostat-hysteresis        fail 3->3 solved=15
  [round_robin] #37 rate-limiter-window          fail 3->3 solved=15
  [round_robin] #38 text-wrap-long-word          fail 2->2 solved=15
  [round_robin] #39 stats-variance-bias          fail 5->5 solved=15
  [round_robin] #40 histogram-bin-edge           fail 3->3 solved=15
  [round_robin] #41 thermostat-hysteresis        fail 3->3 solved=15
  [round_robin] #42 rate-limiter-window          fail 3->3 solved=15
  [round_robin] #43 text-wrap-long-word          fail 2->2 solved=15
  [round_robin] #44 stats-variance-bias          fail 5->5 solved=15
  [round_robin] #45 histogram-bin-edge           fail 3->3 solved=15
  [round_robin] #46 thermostat-hysteresis        fail 3->3 solved=15
  [round_robin] #47 rate-limiter-window          fail 3->3 solved=15
  [round_robin] #48 text-wrap-long-word          fail 2->2 solved=15
  [round_robin] #49 stats-variance-bias          fail 5->5 solved=15
  [round_robin] #50 histogram-bin-edge           fail 3->3 solved=15
  [round_robin] #51 thermostat-hysteresis        fail 3->3 solved=15
  [round_robin] #52 rate-limiter-window          fail 3->3 solved=15
  [round_robin] #53 text-wrap-long-word          fail 2->2 solved=15
  [round_robin] #54 stats-variance-bias          fail 5->5 solved=15
  [round_robin] #55 histogram-bin-edge           fail 3->3 solved=15
  [round_robin] #56 thermostat-hysteresis        fail 3->3 solved=15
  [round_robin] #57 rate-limiter-window          fail 3->3 solved=15
  [round_robin] #58 text-wrap-long-word          fail 2->2 solved=15
  [round_robin] #59 stats-variance-bias          fail 5->5 solved=15
  [round_robin] #60 histogram-bin-edge           fail 3->3 solved=15
  [round_robin] #61 thermostat-hysteresis        fail 3->3 solved=15
  [round_robin] #62 rate-limiter-window          fail 3->3 solved=15
  [round_robin] #63 text-wrap-long-word          fail 2->2 solved=15
  [round_robin] #64 stats-variance-bias          fail 5->5 solved=15
  [round_robin] #65 histogram-bin-edge           fail 3->3 solved=15
  [round_robin] #66 thermostat-hysteresis        fail 3->3 solved=15
  [round_robin] #67 rate-limiter-window          fail 3->3 solved=15
  [round_robin] #68 text-wrap-long-word          fail 2->2 solved=15
  [round_robin] #69 stats-variance-bias          fail 5->5 solved=15
  [round_robin] #70 histogram-bin-edge           fail 3->3 solved=15
  [round_robin] #71 thermostat-hysteresis        fail 3->3 solved=15
  [round_robin] #72 rate-limiter-window          fail 3->3 solved=15
  [round_robin] #73 text-wrap-long-word          fail 2->2 solved=15
  [round_robin] #74 stats-variance-bias          fail 5->5 solved=15
  [round_robin] #75 histogram-bin-edge           fail 3->3 solved=15
  [round_robin] #76 thermostat-hysteresis        fail 3->3 solved=15
  [round_robin] #77 rate-limiter-window          fail 3->3 solved=15
  [round_robin] #78 text-wrap-long-word          fail 2->2 solved=15
  [round_robin] #79 stats-variance-bias          fail 5->5 solved=15
  [round_robin] #80 histogram-bin-edge           fail 3->3 solved=15
[saved] /Users/jim/Desktop/openworld/experiments/results/e34_composite_swe.json
[greedy] budget 80
  [greedy] # 1 rate-limiter-window          fail 3->3 solved=0
  [greedy] # 2 lru-cache-eviction           fail 3->0 solved=1
  [greedy] # 3 text-wrap-long-word          fail 3->2 solved=1
  [greedy] # 4 text-wrap-long-word          fail 2->2 solved=1
  [greedy] # 5 text-wrap-long-word          fail 2->2 solved=1
  [greedy] # 6 text-wrap-long-word          fail 2->2 solved=1
  [greedy] # 7 text-wrap-long-word          fail 2->2 solved=1
  [greedy] # 8 text-wrap-long-word          fail 2->2 solved=1
  [greedy] # 9 text-wrap-long-word          fail 2->2 solved=1
  [greedy] #10 text-wrap-long-word          fail 2->2 solved=1
  [greedy] #11 text-wrap-long-word          fail 2->2 solved=1
  [greedy] #12 text-wrap-long-word          fail 2->2 solved=1
  [greedy] #13 text-wrap-long-word          fail 2->2 solved=1
  [greedy] #14 text-wrap-long-word          fail 2->2 solved=1
  [greedy] #15 text-wrap-long-word          fail 2->2 solved=1
  [greedy] #16 text-wrap-long-word          fail 2->2 solved=1
  [greedy] #17 text-wrap-long-word          fail 2->2 solved=1
  [greedy] #18 text-wrap-long-word          fail 2->2 solved=1
  [greedy] #19 text-wrap-long-word          fail 2->2 solved=1
  [greedy] #20 text-wrap-long-word          fail 2->2 solved=1
  [greedy] #21 text-wrap-long-word          fail 2->2 solved=1
  [greedy] #22 text-wrap-long-word          fail 2->2 solved=1
  [greedy] #23 text-wrap-long-word          fail 2->2 solved=1
  [greedy] #24 text-wrap-long-word          fail 2->2 solved=1
  [greedy] #25 text-wrap-long-word          fail 2->2 solved=1
  [greedy] #26 text-wrap-long-word          fail 2->2 solved=1
  [greedy] #27 text-wrap-long-word          fail 2->2 solved=1
  [greedy] #28 text-wrap-long-word          fail 2->2 solved=1
  [greedy] #29 text-wrap-long-word          fail 2->2 solved=1
  [greedy] #30 text-wrap-long-word          fail 2->2 solved=1
  [greedy] #31 text-wrap-long-word          fail 2->2 solved=1
  [greedy] #32 text-wrap-long-word          fail 2->2 solved=1
  [greedy] #33 text-wrap-long-word          fail 2->2 solved=1
  [greedy] #34 text-wrap-long-word          fail 2->2 solved=1
  [greedy] #35 text-wrap-long-word          fail 2->2 solved=1
  [greedy] #36 text-wrap-long-word          fail 2->2 solved=1
  [greedy] #37 text-wrap-long-word          fail 2->2 solved=1
  [greedy] #38 text-wrap-long-word          fail 2->2 solved=1
  [greedy] #39 text-wrap-long-word          fail 2->2 solved=1
  [greedy] #40 text-wrap-long-word          fail 2->2 solved=1
  [greedy] #41 text-wrap-long-word          fail 2->2 solved=1
  [greedy] #42 text-wrap-long-word          fail 2->2 solved=1
  [greedy] #43 text-wrap-long-word          fail 2->2 solved=1
  [greedy] #44 text-wrap-long-word          fail 2->2 solved=1
  [greedy] #45 text-wrap-long-word          fail 2->2 solved=1
  [greedy] #46 text-wrap-long-word          fail 2->2 solved=1
  [greedy] #47 text-wrap-long-word          fail 2->2 solved=1
  [greedy] #48 text-wrap-long-word          fail 2->2 solved=1
  [greedy] #49 text-wrap-long-word          fail 2->2 solved=1
  [greedy] #50 text-wrap-long-word          fail 2->2 solved=1
  [greedy] #51 text-wrap-long-word          fail 2->2 solved=1
  [greedy] #52 text-wrap-long-word          fail 2->2 solved=1
  [greedy] #53 text-wrap-long-word          fail 2->2 solved=1
  [greedy] #54 text-wrap-long-word          fail 2->2 solved=1
  [greedy] #55 text-wrap-long-word          fail 2->2 solved=1
  [greedy] #56 text-wrap-long-word          fail 2->2 solved=1
  [greedy] #57 text-wrap-long-word          fail 2->2 solved=1
  [greedy] #58 text-wrap-long-word          fail 2->2 solved=1
  [greedy] #59 text-wrap-long-word          fail 2->2 solved=1
  [greedy] #60 text-wrap-long-word          fail 2->2 solved=1
  [greedy] #61 text-wrap-long-word          fail 2->2 solved=1
  [greedy] #62 text-wrap-long-word          fail 2->2 solved=1
  [greedy] #63 text-wrap-long-word          fail 2->2 solved=1
  [greedy] #64 text-wrap-long-word          fail 2->2 solved=1
  [greedy] #65 text-wrap-long-word          fail 2->2 solved=1
  [greedy] #66 text-wrap-long-word          fail 2->2 solved=1
  [greedy] #67 text-wrap-long-word          fail 2->2 solved=1
  [greedy] #68 text-wrap-long-word          fail 2->2 solved=1
  [greedy] #69 text-wrap-long-word          fail 2->2 solved=1
  [greedy] #70 text-wrap-long-word          fail 2->2 solved=1
  [greedy] #71 text-wrap-long-word          fail 2->2 solved=1
  [greedy] #72 text-wrap-long-word          fail 2->2 solved=1
  [greedy] #73 text-wrap-long-word          fail 2->2 solved=1
  [greedy] #74 text-wrap-long-word          fail 2->2 solved=1
  [greedy] #75 text-wrap-long-word          fail 2->2 solved=1
  [greedy] #76 text-wrap-long-word          fail 2->2 solved=1
  [greedy] #77 text-wrap-long-word          fail 2->2 solved=1
  [greedy] #78 text-wrap-long-word          fail 2->2 solved=1
  [greedy] #79 text-wrap-long-word          fail 2->2 solved=1
  [greedy] #80 text-wrap-long-word          fail 2->2 solved=1
[saved] /Users/jim/Desktop/openworld/experiments/results/e34_composite_swe.json

condition    solved  attempts  switches
fixed        15/20    36        19
round_robin  15/20    80        79
greedy        1/20    80         2
